[02.08.2012 10:39:13,868] [main] INFO  org.jgap.gp.impl.GPGenotype  - Creating initial population
[02.08.2012 10:39:13,878] [main] INFO  org.jgap.gp.impl.GPGenotype  - Mem free: 15.5 MB
[02.08.2012 10:39:13,900] [main] INFO  org.jgap.gp.impl.GPPopulation  - Prototype program set
[02.08.2012 10:39:13,974] [main] INFO  org.jgap.gp.impl.GPGenotype  - Mem free after creating population: 15.5 MB
[02.08.2012 10:39:13,984] [main] INFO  org.jgap.gp.impl.GPGenotype  - Your configuration does not contain unused commands, this is good
[02.08.2012 10:39:14,250] [main] INFO  org.jgap.gp.impl.GPPopulation  - Prototype program set
[02.08.2012 10:39:14,274] [main] INFO  org.jgap.gp.impl.GPGenotype  - Your configuration does not contain unused commands, this is good
[02.08.2012 10:39:14,306] [main] INFO  org.jgap.gp.impl.GPPopulation  - Prototype program set
[02.08.2012 10:39:14,337] [main] INFO  org.jgap.gp.impl.GPGenotype  - Your configuration does not contain unused commands, this is good
[02.08.2012 10:39:14,368] [main] INFO  org.jgap.gp.impl.GPPopulation  - Prototype program set
[02.08.2012 10:39:14,401] [main] INFO  org.jgap.gp.impl.GPGenotype  - Your configuration does not contain unused commands, this is good
[02.08.2012 10:39:14,435] [main] INFO  org.jgap.gp.impl.GPPopulation  - Prototype program set
[02.08.2012 10:39:14,503] [main] INFO  org.jgap.gp.impl.GPGenotype  - Your configuration does not contain unused commands, this is good
[12.07.2013 04:51:34,779] [main] INFO  org.jgap.gp.impl.GPGenotype  - Creating initial population
[12.07.2013 04:51:34,806] [main] INFO  org.jgap.gp.impl.GPGenotype  - Mem free: 15.5 MB
[12.07.2013 04:51:34,858] [main] INFO  org.jgap.gp.impl.GPPopulation  - Prototype program set
[12.07.2013 04:51:34,911] [main] INFO  org.jgap.gp.impl.GPGenotype  - Mem free after creating population: 15.5 MB
[12.07.2013 04:51:34,912] [main] INFO  org.jgap.gp.impl.GPGenotype  - Your configuration does not contain unused commands, this is good
[12.07.2013 04:51:35,354] [main] INFO  org.jgap.gp.impl.GPPopulation  - Prototype program set
[12.07.2013 04:51:35,379] [main] INFO  org.jgap.gp.impl.GPGenotype  - Your configuration does not contain unused commands, this is good
[12.07.2013 04:51:35,405] [main] INFO  org.jgap.gp.impl.GPPopulation  - Prototype program set
[12.07.2013 04:51:35,428] [main] INFO  org.jgap.gp.impl.GPGenotype  - Your configuration does not contain unused commands, this is good
[12.07.2013 04:51:35,462] [main] INFO  org.jgap.gp.impl.GPPopulation  - Prototype program set
[12.07.2013 04:51:35,485] [main] INFO  org.jgap.gp.impl.GPGenotype  - Your configuration does not contain unused commands, this is good
[12.07.2013 04:51:35,504] [main] INFO  org.jgap.gp.impl.GPPopulation  - Prototype program set
[12.07.2013 04:51:35,527] [main] INFO  org.jgap.gp.impl.GPGenotype  - Your configuration does not contain unused commands, this is good
[12.07.2013 04:54:44,627] [main] INFO  org.jgap.gp.impl.GPGenotype  - Creating initial population
[12.07.2013 04:54:44,631] [main] INFO  org.jgap.gp.impl.GPGenotype  - Mem free: 15.5 MB
[12.07.2013 04:54:44,638] [main] INFO  org.jgap.gp.impl.GPPopulation  - Prototype program set
[12.07.2013 04:54:44,676] [main] INFO  org.jgap.gp.impl.GPGenotype  - Mem free after creating population: 15.5 MB
[12.07.2013 04:54:44,676] [main] INFO  org.jgap.gp.impl.GPGenotype  - Your configuration does not contain unused commands, this is good
[12.07.2013 04:54:44,908] [main] INFO  org.jgap.gp.impl.GPPopulation  - Prototype program set
[12.07.2013 04:54:44,933] [main] INFO  org.jgap.gp.impl.GPGenotype  - Your configuration does not contain unused commands, this is good
[12.07.2013 04:54:44,959] [main] INFO  org.jgap.gp.impl.GPPopulation  - Prototype program set
[12.07.2013 04:54:44,977] [main] INFO  org.jgap.gp.impl.GPGenotype  - Your configuration does not contain unused commands, this is good
[12.07.2013 04:54:45,001] [main] INFO  org.jgap.gp.impl.GPPopulation  - Prototype program set
[12.07.2013 04:54:45,024] [main] INFO  org.jgap.gp.impl.GPGenotype  - Your configuration does not contain unused commands, this is good
[12.07.2013 04:54:45,043] [main] INFO  org.jgap.gp.impl.GPPopulation  - Prototype program set
[12.07.2013 04:54:45,066] [main] INFO  org.jgap.gp.impl.GPGenotype  - Your configuration does not contain unused commands, this is good
[12.07.2013 04:57:34,649] [main] INFO  org.jgap.gp.impl.GPGenotype  - Creating initial population
[12.07.2013 04:57:34,657] [main] INFO  org.jgap.gp.impl.GPGenotype  - Mem free: 15.5 MB
[12.07.2013 04:57:34,666] [main] INFO  org.jgap.gp.impl.GPPopulation  - Prototype program set
[12.07.2013 04:57:34,704] [main] INFO  org.jgap.gp.impl.GPGenotype  - Mem free after creating population: 15.5 MB
[12.07.2013 04:57:34,707] [main] INFO  org.jgap.gp.impl.GPGenotype  - Your configuration does not contain unused commands, this is good
[12.07.2013 04:57:35,073] [main] INFO  org.jgap.gp.impl.GPPopulation  - Prototype program set
[12.07.2013 04:57:35,118] [main] INFO  org.jgap.gp.impl.GPGenotype  - Your configuration does not contain unused commands, this is good
[12.07.2013 04:57:35,167] [main] INFO  org.jgap.gp.impl.GPPopulation  - Prototype program set
[12.07.2013 04:57:35,216] [main] INFO  org.jgap.gp.impl.GPGenotype  - Your configuration does not contain unused commands, this is good
[12.07.2013 04:57:35,264] [main] INFO  org.jgap.gp.impl.GPPopulation  - Prototype program set
[12.07.2013 04:57:35,293] [main] INFO  org.jgap.gp.impl.GPGenotype  - Your configuration does not contain unused commands, this is good
[12.07.2013 04:57:35,339] [main] INFO  org.jgap.gp.impl.GPPopulation  - Prototype program set
[12.07.2013 04:57:35,383] [main] INFO  org.jgap.gp.impl.GPGenotype  - Your configuration does not contain unused commands, this is good
